[0m07:42:51.112053 [debug] [MainThread]: Sending event: {'category': 'dbt', 'action': 'invocation', 'label': 'start', 'context': [<snowplow_tracker.self_describing_json.SelfDescribingJson object at 0x7f596b09c4a0>, <snowplow_tracker.self_describing_json.SelfDescribingJson object at 0x7f596aa55d90>, <snowplow_tracker.self_describing_json.SelfDescribingJson object at 0x7f596c8cae70>]}


============================== 07:42:51.115260 | 2e9f5547-6f16-4a51-bac4-ba94cd2418be ==============================
[0m07:42:51.115260 [info ] [MainThread]: Running with dbt=1.10.3
[0m07:42:51.115795 [debug] [MainThread]: running dbt with arguments {'printer_width': '80', 'indirect_selection': 'eager', 'write_json': 'True', 'log_cache_events': 'False', 'partial_parse': 'True', 'cache_selected_only': 'False', 'profiles_dir': '/home/Inoth/.dbt', 'debug': 'False', 'warn_error': 'None', 'log_path': 'logs', 'version_check': 'True', 'fail_fast': 'False', 'use_colors': 'True', 'use_experimental_parser': 'False', 'no_print': 'None', 'quiet': 'False', 'empty': 'None', 'log_format': 'default', 'static_parser': 'True', 'warn_error_options': 'WarnErrorOptionsV2(error=[], warn=[], silence=[])', 'introspect': 'True', 'target_path': 'None', 'invocation_command': 'dbt init projet_grenoble', 'send_anonymous_usage_stats': 'True'}
[0m07:42:51.127652 [debug] [MainThread]: Starter project path: /home/Inoth/Documents/work/module_bi/.dbt-env/lib/python3.12/site-packages/dbt/include/starter_project
[0m07:42:51.130033 [info ] [MainThread]: 
Your new dbt project "projet_grenoble" was created!

For more information on how to configure the profiles.yml file,
please consult the dbt documentation here:

  https://docs.getdbt.com/docs/configure-your-profile

One more thing:

Need help? Don't hesitate to reach out to us via GitHub issues or on Slack:

  https://community.getdbt.com/

Happy modeling!

[0m07:42:51.130613 [info ] [MainThread]: Setting up your profile.
[0m07:43:41.098251 [info ] [MainThread]: Profile projet_grenoble written to /home/Inoth/.dbt/profiles.yml using target's profile_template.yml and your supplied values. Run 'dbt debug' to validate the connection.
[0m07:43:41.102702 [debug] [MainThread]: Resource report: {"command_name": "init", "command_success": true, "command_wall_clock_time": 50.04664, "process_in_blocks": "0", "process_kernel_time": 0.127656, "process_mem_max_rss": "105552", "process_out_blocks": "80", "process_user_time": 1.541812}
[0m07:43:41.107101 [debug] [MainThread]: Command `dbt init` succeeded at 07:43:41.106401 after 50.05 seconds
[0m07:43:41.108296 [debug] [MainThread]: Sending event: {'category': 'dbt', 'action': 'invocation', 'label': 'end', 'context': [<snowplow_tracker.self_describing_json.SelfDescribingJson object at 0x7f5969fe3890>, <snowplow_tracker.self_describing_json.SelfDescribingJson object at 0x7f5969ede3c0>, <snowplow_tracker.self_describing_json.SelfDescribingJson object at 0x7f596a8b3980>]}
[0m07:43:41.109405 [debug] [MainThread]: Flushing usage events
[0m07:43:41.646004 [debug] [MainThread]: An error was encountered while trying to flush usage events
