[2025-07-23T11:38:54.449+0000] {manager.py:469} INFO - Processing files using up to 2 processes at a time 
[2025-07-23T11:38:54.450+0000] {manager.py:470} INFO - Process each file at most once every 30 seconds
[2025-07-23T11:38:54.450+0000] {manager.py:471} INFO - Checking for new files in /opt/airflow/dags every 300 seconds
[2025-07-23T11:38:54.450+0000] {manager.py:738} INFO - Searching for files in /opt/airflow/dags
[2025-07-23T11:38:54.456+0000] {manager.py:741} INFO - There are 0 files in /opt/airflow/dags
[2025-07-23T11:43:54.774+0000] {manager.py:738} INFO - Searching for files in /opt/airflow/dags
[2025-07-23T11:43:54.776+0000] {manager.py:741} INFO - There are 0 files in /opt/airflow/dags
[2025-07-23T11:45:52.511+0000] {manager.py:451} INFO - Exiting gracefully upon receiving signal 15
[2025-07-23T11:48:16.426+0000] {manager.py:469} INFO - Processing files using up to 2 processes at a time 
[2025-07-23T11:48:16.427+0000] {manager.py:470} INFO - Process each file at most once every 30 seconds
[2025-07-23T11:48:16.427+0000] {manager.py:471} INFO - Checking for new files in /opt/airflow/dags every 300 seconds
[2025-07-23T11:48:16.427+0000] {manager.py:738} INFO - Searching for files in /opt/airflow/dags
[2025-07-23T11:48:16.428+0000] {manager.py:741} INFO - There are 0 files in /opt/airflow/dags
[2025-07-23T11:53:24.088+0000] {manager.py:469} INFO - Processing files using up to 2 processes at a time 
[2025-07-23T11:53:24.093+0000] {manager.py:470} INFO - Process each file at most once every 30 seconds
[2025-07-23T11:53:24.094+0000] {manager.py:471} INFO - Checking for new files in /opt/airflow/dags every 300 seconds
[2025-07-23T11:53:24.094+0000] {manager.py:738} INFO - Searching for files in /opt/airflow/dags
[2025-07-23T11:53:24.096+0000] {manager.py:741} INFO - There are 1 files in /opt/airflow/dags
[2025-07-23T11:53:24.270+0000] {manager.py:879} INFO - 
================================================================================
DAG File Processing Stats

File Path                       PID  Runtime      # DAGs    # Errors  Last Runtime    Last Run
----------------------------  -----  ---------  --------  ----------  --------------  ----------
/opt/airflow/dags/etl_dag.py    157  0.08s             0           0
================================================================================
[2025-07-23T11:53:54.292+0000] {manager.py:879} INFO - 
================================================================================
DAG File Processing Stats

File Path                     PID    Runtime      # DAGs    # Errors  Last Runtime    Last Run
----------------------------  -----  ---------  --------  ----------  --------------  -------------------
/opt/airflow/dags/etl_dag.py                           1           0  0.70s           2025-07-23T11:53:24
================================================================================
[2025-07-23T11:54:25.107+0000] {manager.py:879} INFO - 
================================================================================
DAG File Processing Stats

File Path                     PID    Runtime      # DAGs    # Errors  Last Runtime    Last Run
----------------------------  -----  ---------  --------  ----------  --------------  -------------------
/opt/airflow/dags/etl_dag.py                           1           0  0.36s           2025-07-23T11:53:55
================================================================================
[2025-07-23T11:54:55.883+0000] {manager.py:879} INFO - 
================================================================================
DAG File Processing Stats

File Path                     PID    Runtime      # DAGs    # Errors  Last Runtime    Last Run
----------------------------  -----  ---------  --------  ----------  --------------  -------------------
/opt/airflow/dags/etl_dag.py                           1           0  0.22s           2025-07-23T11:54:26
================================================================================
[2025-07-23T11:55:26.946+0000] {manager.py:879} INFO - 
================================================================================
DAG File Processing Stats

File Path                     PID    Runtime      # DAGs    # Errors  Last Runtime    Last Run
----------------------------  -----  ---------  --------  ----------  --------------  -------------------
/opt/airflow/dags/etl_dag.py                           1           0  0.18s           2025-07-23T11:54:57
================================================================================
[2025-07-23T11:55:57.343+0000] {manager.py:879} INFO - 
================================================================================
DAG File Processing Stats

File Path                     PID    Runtime      # DAGs    # Errors  Last Runtime    Last Run
----------------------------  -----  ---------  --------  ----------  --------------  -------------------
/opt/airflow/dags/etl_dag.py                           1           0  0.39s           2025-07-23T11:55:28
================================================================================
[2025-07-23T11:56:27.762+0000] {manager.py:879} INFO - 
================================================================================
DAG File Processing Stats

File Path                     PID    Runtime      # DAGs    # Errors  Last Runtime    Last Run
----------------------------  -----  ---------  --------  ----------  --------------  -------------------
/opt/airflow/dags/etl_dag.py                           1           0  0.34s           2025-07-23T11:55:58
================================================================================
[2025-07-23T11:56:58.222+0000] {manager.py:879} INFO - 
================================================================================
DAG File Processing Stats

File Path                     PID    Runtime      # DAGs    # Errors  Last Runtime    Last Run
----------------------------  -----  ---------  --------  ----------  --------------  -------------------
/opt/airflow/dags/etl_dag.py                           1           0  0.27s           2025-07-23T11:56:29
================================================================================
[2025-07-23T11:57:32.961+0000] {manager.py:879} INFO - 
================================================================================
DAG File Processing Stats

File Path                       PID  Runtime      # DAGs    # Errors  Last Runtime    Last Run
----------------------------  -----  ---------  --------  ----------  --------------  -------------------
/opt/airflow/dags/etl_dag.py    206  0.01s             1           0  0.37s           2025-07-23T11:56:59
================================================================================
[2025-07-23T11:58:03.411+0000] {manager.py:879} INFO - 
================================================================================
DAG File Processing Stats

File Path                     PID    Runtime      # DAGs    # Errors  Last Runtime    Last Run
----------------------------  -----  ---------  --------  ----------  --------------  -------------------
/opt/airflow/dags/etl_dag.py                           1           0  0.65s           2025-07-23T11:57:33
================================================================================
[2025-07-23T11:58:24.550+0000] {manager.py:738} INFO - Searching for files in /opt/airflow/dags
[2025-07-23T11:58:24.554+0000] {manager.py:741} INFO - There are 1 files in /opt/airflow/dags
[2025-07-23T11:58:33.678+0000] {manager.py:879} INFO - 
================================================================================
DAG File Processing Stats

File Path                     PID    Runtime      # DAGs    # Errors  Last Runtime    Last Run
----------------------------  -----  ---------  --------  ----------  --------------  -------------------
/opt/airflow/dags/etl_dag.py                           1           0  0.52s           2025-07-23T11:58:04
================================================================================
[2025-07-23T11:59:03.983+0000] {manager.py:879} INFO - 
================================================================================
DAG File Processing Stats

File Path                     PID    Runtime      # DAGs    # Errors  Last Runtime    Last Run
----------------------------  -----  ---------  --------  ----------  --------------  -------------------
/opt/airflow/dags/etl_dag.py                           1           0  0.32s           2025-07-23T11:58:35
================================================================================
[2025-07-23T11:59:34.631+0000] {manager.py:879} INFO - 
================================================================================
DAG File Processing Stats

File Path                     PID    Runtime      # DAGs    # Errors  Last Runtime    Last Run
----------------------------  -----  ---------  --------  ----------  --------------  -------------------
/opt/airflow/dags/etl_dag.py                           1           0  0.32s           2025-07-23T11:59:05
================================================================================
[2025-07-23T12:00:34.914+0000] {manager.py:879} INFO - 
================================================================================
DAG File Processing Stats

File Path                       PID  Runtime      # DAGs    # Errors  Last Runtime    Last Run
----------------------------  -----  ---------  --------  ----------  --------------  -------------------
/opt/airflow/dags/etl_dag.py    239  0.07s             1           0  0.15s           2025-07-23T11:59:35
================================================================================
[2025-07-23T12:01:05.291+0000] {manager.py:879} INFO - 
================================================================================
DAG File Processing Stats

File Path                     PID    Runtime      # DAGs    # Errors  Last Runtime    Last Run
----------------------------  -----  ---------  --------  ----------  --------------  -------------------
/opt/airflow/dags/etl_dag.py                           1           0  0.88s           2025-07-23T12:00:35
================================================================================
[2025-07-23T12:01:35.645+0000] {manager.py:879} INFO - 
================================================================================
DAG File Processing Stats

File Path                     PID    Runtime      # DAGs    # Errors  Last Runtime    Last Run
----------------------------  -----  ---------  --------  ----------  --------------  -------------------
/opt/airflow/dags/etl_dag.py                           1           0  0.20s           2025-07-23T12:01:06
================================================================================
[2025-07-23T12:02:06.079+0000] {manager.py:879} INFO - 
================================================================================
DAG File Processing Stats

File Path                     PID    Runtime      # DAGs    # Errors  Last Runtime    Last Run
----------------------------  -----  ---------  --------  ----------  --------------  -------------------
/opt/airflow/dags/etl_dag.py                           1           0  0.28s           2025-07-23T12:01:36
================================================================================
[2025-07-23T12:02:38.616+0000] {manager.py:879} INFO - 
================================================================================
DAG File Processing Stats

File Path                       PID  Runtime      # DAGs    # Errors  Last Runtime    Last Run
----------------------------  -----  ---------  --------  ----------  --------------  -------------------
/opt/airflow/dags/etl_dag.py    260  0.16s             1           0  0.47s           2025-07-23T12:02:07
================================================================================
[2025-07-23T12:03:28.079+0000] {manager.py:738} INFO - Searching for files in /opt/airflow/dags
[2025-07-23T12:03:28.091+0000] {manager.py:741} INFO - There are 1 files in /opt/airflow/dags
[2025-07-23T12:03:28.129+0000] {manager.py:879} INFO - 
================================================================================
DAG File Processing Stats

File Path                       PID  Runtime      # DAGs    # Errors  Last Runtime    Last Run
----------------------------  -----  ---------  --------  ----------  --------------  -------------------
/opt/airflow/dags/etl_dag.py    265  0.01s             1           0  0.52s           2025-07-23T12:02:38
================================================================================
[2025-07-23T12:03:58.731+0000] {manager.py:879} INFO - 
================================================================================
DAG File Processing Stats

File Path                       PID  Runtime      # DAGs    # Errors  Last Runtime    Last Run
----------------------------  -----  ---------  --------  ----------  --------------  -------------------
/opt/airflow/dags/etl_dag.py    270  0.02s             1           0  0.50s           2025-07-23T12:03:28
================================================================================
[2025-07-23T12:04:29.000+0000] {manager.py:879} INFO - 
================================================================================
DAG File Processing Stats

File Path                     PID    Runtime      # DAGs    # Errors  Last Runtime    Last Run
----------------------------  -----  ---------  --------  ----------  --------------  -------------------
/opt/airflow/dags/etl_dag.py                           1           0  0.45s           2025-07-23T12:03:59
================================================================================
[2025-07-23T12:04:59.648+0000] {manager.py:879} INFO - 
================================================================================
DAG File Processing Stats

File Path                     PID    Runtime      # DAGs    # Errors  Last Runtime    Last Run
----------------------------  -----  ---------  --------  ----------  --------------  -------------------
/opt/airflow/dags/etl_dag.py                           1           0  0.28s           2025-07-23T12:04:29
================================================================================
[2025-07-23T12:05:35.430+0000] {manager.py:879} INFO - 
================================================================================
DAG File Processing Stats

File Path                       PID  Runtime      # DAGs    # Errors  Last Runtime    Last Run
----------------------------  -----  ---------  --------  ----------  --------------  -------------------
/opt/airflow/dags/etl_dag.py    285  0.02s             1           0  0.29s           2025-07-23T12:05:00
================================================================================
