[2025-07-23T11:53:24.255+0000] {processor.py:161} INFO - Started process (PID=157) to work on /opt/airflow/dags/etl_dag.py
[2025-07-23T11:53:24.256+0000] {processor.py:830} INFO - Processing file /opt/airflow/dags/etl_dag.py for tasks to queue
[2025-07-23T11:53:24.257+0000] {logging_mixin.py:188} INFO - [2025-07-23T11:53:24.256+0000] {dagbag.py:538} INFO - Filling up the DagBag from /opt/airflow/dags/etl_dag.py
[2025-07-23T11:53:24.332+0000] {processor.py:840} INFO - DAG(s) 'etl_script_dag' retrieved from /opt/airflow/dags/etl_dag.py
[2025-07-23T11:53:24.772+0000] {logging_mixin.py:188} INFO - [2025-07-23T11:53:24.771+0000] {override.py:1769} INFO - Created Permission View: can read on DAG:etl_script_dag
[2025-07-23T11:53:24.787+0000] {logging_mixin.py:188} INFO - [2025-07-23T11:53:24.786+0000] {override.py:1769} INFO - Created Permission View: can edit on DAG:etl_script_dag
[2025-07-23T11:53:24.803+0000] {logging_mixin.py:188} INFO - [2025-07-23T11:53:24.802+0000] {override.py:1769} INFO - Created Permission View: can delete on DAG:etl_script_dag
[2025-07-23T11:53:24.803+0000] {logging_mixin.py:188} INFO - [2025-07-23T11:53:24.803+0000] {dag.py:3033} INFO - Sync 1 DAGs
[2025-07-23T11:53:24.819+0000] {logging_mixin.py:188} INFO - [2025-07-23T11:53:24.818+0000] {dag.py:3055} INFO - Creating ORM DAG for etl_script_dag
[2025-07-23T11:53:24.831+0000] {logging_mixin.py:188} INFO - [2025-07-23T11:53:24.831+0000] {dag.py:3820} INFO - Setting next_dagrun for etl_script_dag to 2025-07-22T00:00:00+00:00, run_after=2025-07-23T00:00:00+00:00
[2025-07-23T11:53:24.852+0000] {processor.py:183} INFO - Processing /opt/airflow/dags/etl_dag.py took 0.600 seconds
[2025-07-23T11:53:55.380+0000] {processor.py:161} INFO - Started process (PID=163) to work on /opt/airflow/dags/etl_dag.py
[2025-07-23T11:53:55.382+0000] {processor.py:830} INFO - Processing file /opt/airflow/dags/etl_dag.py for tasks to queue
[2025-07-23T11:53:55.383+0000] {logging_mixin.py:188} INFO - [2025-07-23T11:53:55.382+0000] {dagbag.py:538} INFO - Filling up the DagBag from /opt/airflow/dags/etl_dag.py
[2025-07-23T11:53:55.429+0000] {processor.py:840} INFO - DAG(s) 'etl_script_dag' retrieved from /opt/airflow/dags/etl_dag.py
[2025-07-23T11:53:55.583+0000] {logging_mixin.py:188} INFO - [2025-07-23T11:53:55.583+0000] {dag.py:3033} INFO - Sync 1 DAGs
[2025-07-23T11:53:55.622+0000] {logging_mixin.py:188} INFO - [2025-07-23T11:53:55.622+0000] {dag.py:3820} INFO - Setting next_dagrun for etl_script_dag to 2025-07-22T00:00:00+00:00, run_after=2025-07-23T00:00:00+00:00
[2025-07-23T11:53:55.653+0000] {processor.py:183} INFO - Processing /opt/airflow/dags/etl_dag.py took 0.280 seconds
[2025-07-23T11:54:26.163+0000] {processor.py:161} INFO - Started process (PID=168) to work on /opt/airflow/dags/etl_dag.py
[2025-07-23T11:54:26.167+0000] {processor.py:830} INFO - Processing file /opt/airflow/dags/etl_dag.py for tasks to queue
[2025-07-23T11:54:26.169+0000] {logging_mixin.py:188} INFO - [2025-07-23T11:54:26.168+0000] {dagbag.py:538} INFO - Filling up the DagBag from /opt/airflow/dags/etl_dag.py
[2025-07-23T11:54:26.203+0000] {processor.py:840} INFO - DAG(s) 'etl_script_dag' retrieved from /opt/airflow/dags/etl_dag.py
[2025-07-23T11:54:26.246+0000] {logging_mixin.py:188} INFO - [2025-07-23T11:54:26.246+0000] {dag.py:3033} INFO - Sync 1 DAGs
[2025-07-23T11:54:26.286+0000] {logging_mixin.py:188} INFO - [2025-07-23T11:54:26.285+0000] {dag.py:3820} INFO - Setting next_dagrun for etl_script_dag to 2025-07-22T00:00:00+00:00, run_after=2025-07-23T00:00:00+00:00
[2025-07-23T11:54:26.322+0000] {processor.py:183} INFO - Processing /opt/airflow/dags/etl_dag.py took 0.171 seconds
[2025-07-23T11:54:56.929+0000] {processor.py:161} INFO - Started process (PID=173) to work on /opt/airflow/dags/etl_dag.py
[2025-07-23T11:54:56.931+0000] {processor.py:830} INFO - Processing file /opt/airflow/dags/etl_dag.py for tasks to queue
[2025-07-23T11:54:56.932+0000] {logging_mixin.py:188} INFO - [2025-07-23T11:54:56.931+0000] {dagbag.py:538} INFO - Filling up the DagBag from /opt/airflow/dags/etl_dag.py
[2025-07-23T11:54:56.957+0000] {processor.py:840} INFO - DAG(s) 'etl_script_dag' retrieved from /opt/airflow/dags/etl_dag.py
[2025-07-23T11:54:56.997+0000] {logging_mixin.py:188} INFO - [2025-07-23T11:54:56.997+0000] {dag.py:3033} INFO - Sync 1 DAGs
[2025-07-23T11:54:57.024+0000] {logging_mixin.py:188} INFO - [2025-07-23T11:54:57.024+0000] {dag.py:3820} INFO - Setting next_dagrun for etl_script_dag to 2025-07-22T00:00:00+00:00, run_after=2025-07-23T00:00:00+00:00
[2025-07-23T11:54:57.064+0000] {processor.py:183} INFO - Processing /opt/airflow/dags/etl_dag.py took 0.143 seconds
[2025-07-23T11:55:28.031+0000] {processor.py:161} INFO - Started process (PID=178) to work on /opt/airflow/dags/etl_dag.py
[2025-07-23T11:55:28.037+0000] {processor.py:830} INFO - Processing file /opt/airflow/dags/etl_dag.py for tasks to queue
[2025-07-23T11:55:28.039+0000] {logging_mixin.py:188} INFO - [2025-07-23T11:55:28.038+0000] {dagbag.py:538} INFO - Filling up the DagBag from /opt/airflow/dags/etl_dag.py
[2025-07-23T11:55:28.102+0000] {processor.py:840} INFO - DAG(s) 'etl_script_dag' retrieved from /opt/airflow/dags/etl_dag.py
[2025-07-23T11:55:28.241+0000] {logging_mixin.py:188} INFO - [2025-07-23T11:55:28.240+0000] {dag.py:3033} INFO - Sync 1 DAGs
[2025-07-23T11:55:28.289+0000] {logging_mixin.py:188} INFO - [2025-07-23T11:55:28.289+0000] {dag.py:3820} INFO - Setting next_dagrun for etl_script_dag to 2025-07-22T00:00:00+00:00, run_after=2025-07-23T00:00:00+00:00
[2025-07-23T11:55:28.339+0000] {processor.py:183} INFO - Processing /opt/airflow/dags/etl_dag.py took 0.333 seconds
[2025-07-23T11:55:58.403+0000] {processor.py:161} INFO - Started process (PID=183) to work on /opt/airflow/dags/etl_dag.py
[2025-07-23T11:55:58.405+0000] {processor.py:830} INFO - Processing file /opt/airflow/dags/etl_dag.py for tasks to queue
[2025-07-23T11:55:58.406+0000] {logging_mixin.py:188} INFO - [2025-07-23T11:55:58.406+0000] {dagbag.py:538} INFO - Filling up the DagBag from /opt/airflow/dags/etl_dag.py
[2025-07-23T11:55:58.463+0000] {processor.py:840} INFO - DAG(s) 'etl_script_dag' retrieved from /opt/airflow/dags/etl_dag.py
[2025-07-23T11:55:58.590+0000] {logging_mixin.py:188} INFO - [2025-07-23T11:55:58.589+0000] {dag.py:3033} INFO - Sync 1 DAGs
[2025-07-23T11:55:58.631+0000] {logging_mixin.py:188} INFO - [2025-07-23T11:55:58.631+0000] {dag.py:3820} INFO - Setting next_dagrun for etl_script_dag to 2025-07-22T00:00:00+00:00, run_after=2025-07-23T00:00:00+00:00
[2025-07-23T11:55:58.670+0000] {processor.py:183} INFO - Processing /opt/airflow/dags/etl_dag.py took 0.282 seconds
[2025-07-23T11:56:28.847+0000] {processor.py:161} INFO - Started process (PID=196) to work on /opt/airflow/dags/etl_dag.py
[2025-07-23T11:56:28.852+0000] {processor.py:830} INFO - Processing file /opt/airflow/dags/etl_dag.py for tasks to queue
[2025-07-23T11:56:28.853+0000] {logging_mixin.py:188} INFO - [2025-07-23T11:56:28.853+0000] {dagbag.py:538} INFO - Filling up the DagBag from /opt/airflow/dags/etl_dag.py
[2025-07-23T11:56:28.874+0000] {processor.py:840} INFO - DAG(s) 'etl_script_dag' retrieved from /opt/airflow/dags/etl_dag.py
[2025-07-23T11:56:28.918+0000] {logging_mixin.py:188} INFO - [2025-07-23T11:56:28.918+0000] {dag.py:3033} INFO - Sync 1 DAGs
[2025-07-23T11:56:28.980+0000] {logging_mixin.py:188} INFO - [2025-07-23T11:56:28.980+0000] {dag.py:3820} INFO - Setting next_dagrun for etl_script_dag to 2025-07-23T00:00:00+00:00, run_after=2025-07-24T00:00:00+00:00
[2025-07-23T11:56:29.032+0000] {processor.py:183} INFO - Processing /opt/airflow/dags/etl_dag.py took 0.193 seconds
[2025-07-23T11:56:59.268+0000] {processor.py:161} INFO - Started process (PID=201) to work on /opt/airflow/dags/etl_dag.py
[2025-07-23T11:56:59.282+0000] {processor.py:830} INFO - Processing file /opt/airflow/dags/etl_dag.py for tasks to queue
[2025-07-23T11:56:59.289+0000] {logging_mixin.py:188} INFO - [2025-07-23T11:56:59.283+0000] {dagbag.py:538} INFO - Filling up the DagBag from /opt/airflow/dags/etl_dag.py
[2025-07-23T11:56:59.329+0000] {processor.py:840} INFO - DAG(s) 'etl_script_dag' retrieved from /opt/airflow/dags/etl_dag.py
[2025-07-23T11:56:59.436+0000] {logging_mixin.py:188} INFO - [2025-07-23T11:56:59.436+0000] {dag.py:3033} INFO - Sync 1 DAGs
[2025-07-23T11:56:59.502+0000] {logging_mixin.py:188} INFO - [2025-07-23T11:56:59.502+0000] {dag.py:3820} INFO - Setting next_dagrun for etl_script_dag to 2025-07-23T00:00:00+00:00, run_after=2025-07-24T00:00:00+00:00
[2025-07-23T11:56:59.576+0000] {processor.py:183} INFO - Processing /opt/airflow/dags/etl_dag.py took 0.314 seconds
[2025-07-23T11:57:33.101+0000] {processor.py:161} INFO - Started process (PID=206) to work on /opt/airflow/dags/etl_dag.py
[2025-07-23T11:57:33.109+0000] {processor.py:830} INFO - Processing file /opt/airflow/dags/etl_dag.py for tasks to queue
[2025-07-23T11:57:33.116+0000] {logging_mixin.py:188} INFO - [2025-07-23T11:57:33.116+0000] {dagbag.py:538} INFO - Filling up the DagBag from /opt/airflow/dags/etl_dag.py
[2025-07-23T11:57:33.186+0000] {processor.py:840} INFO - DAG(s) 'etl_script_dag' retrieved from /opt/airflow/dags/etl_dag.py
[2025-07-23T11:57:33.381+0000] {logging_mixin.py:188} INFO - [2025-07-23T11:57:33.379+0000] {dag.py:3033} INFO - Sync 1 DAGs
[2025-07-23T11:57:33.448+0000] {logging_mixin.py:188} INFO - [2025-07-23T11:57:33.448+0000] {dag.py:3820} INFO - Setting next_dagrun for etl_script_dag to 2025-07-23T00:00:00+00:00, run_after=2025-07-24T00:00:00+00:00
[2025-07-23T11:57:33.540+0000] {processor.py:183} INFO - Processing /opt/airflow/dags/etl_dag.py took 0.474 seconds
[2025-07-23T11:58:03.922+0000] {processor.py:161} INFO - Started process (PID=212) to work on /opt/airflow/dags/etl_dag.py
[2025-07-23T11:58:03.930+0000] {processor.py:830} INFO - Processing file /opt/airflow/dags/etl_dag.py for tasks to queue
[2025-07-23T11:58:03.931+0000] {logging_mixin.py:188} INFO - [2025-07-23T11:58:03.931+0000] {dagbag.py:538} INFO - Filling up the DagBag from /opt/airflow/dags/etl_dag.py
[2025-07-23T11:58:03.963+0000] {processor.py:840} INFO - DAG(s) 'etl_script_dag' retrieved from /opt/airflow/dags/etl_dag.py
[2025-07-23T11:58:04.098+0000] {logging_mixin.py:188} INFO - [2025-07-23T11:58:04.098+0000] {dag.py:3033} INFO - Sync 1 DAGs
[2025-07-23T11:58:04.224+0000] {logging_mixin.py:188} INFO - [2025-07-23T11:58:04.223+0000] {dag.py:3820} INFO - Setting next_dagrun for etl_script_dag to 2025-07-23T00:00:00+00:00, run_after=2025-07-24T00:00:00+00:00
[2025-07-23T11:58:04.312+0000] {processor.py:183} INFO - Processing /opt/airflow/dags/etl_dag.py took 0.406 seconds
[2025-07-23T11:58:34.765+0000] {processor.py:161} INFO - Started process (PID=224) to work on /opt/airflow/dags/etl_dag.py
[2025-07-23T11:58:34.780+0000] {processor.py:830} INFO - Processing file /opt/airflow/dags/etl_dag.py for tasks to queue
[2025-07-23T11:58:34.781+0000] {logging_mixin.py:188} INFO - [2025-07-23T11:58:34.781+0000] {dagbag.py:538} INFO - Filling up the DagBag from /opt/airflow/dags/etl_dag.py
[2025-07-23T11:58:34.811+0000] {processor.py:840} INFO - DAG(s) 'etl_script_dag' retrieved from /opt/airflow/dags/etl_dag.py
[2025-07-23T11:58:34.898+0000] {logging_mixin.py:188} INFO - [2025-07-23T11:58:34.898+0000] {dag.py:3033} INFO - Sync 1 DAGs
[2025-07-23T11:58:34.939+0000] {logging_mixin.py:188} INFO - [2025-07-23T11:58:34.938+0000] {dag.py:3820} INFO - Setting next_dagrun for etl_script_dag to 2025-07-23T00:00:00+00:00, run_after=2025-07-24T00:00:00+00:00
[2025-07-23T11:58:34.993+0000] {processor.py:183} INFO - Processing /opt/airflow/dags/etl_dag.py took 0.232 seconds
[2025-07-23T11:59:05.362+0000] {processor.py:161} INFO - Started process (PID=229) to work on /opt/airflow/dags/etl_dag.py
[2025-07-23T11:59:05.365+0000] {processor.py:830} INFO - Processing file /opt/airflow/dags/etl_dag.py for tasks to queue
[2025-07-23T11:59:05.366+0000] {logging_mixin.py:188} INFO - [2025-07-23T11:59:05.365+0000] {dagbag.py:538} INFO - Filling up the DagBag from /opt/airflow/dags/etl_dag.py
[2025-07-23T11:59:05.384+0000] {processor.py:840} INFO - DAG(s) 'etl_script_dag' retrieved from /opt/airflow/dags/etl_dag.py
[2025-07-23T11:59:05.478+0000] {logging_mixin.py:188} INFO - [2025-07-23T11:59:05.477+0000] {dag.py:3033} INFO - Sync 1 DAGs
[2025-07-23T11:59:05.534+0000] {logging_mixin.py:188} INFO - [2025-07-23T11:59:05.534+0000] {dag.py:3820} INFO - Setting next_dagrun for etl_script_dag to 2025-07-23T00:00:00+00:00, run_after=2025-07-24T00:00:00+00:00
[2025-07-23T11:59:05.607+0000] {processor.py:183} INFO - Processing /opt/airflow/dags/etl_dag.py took 0.249 seconds
[2025-07-23T11:59:35.670+0000] {processor.py:161} INFO - Started process (PID=234) to work on /opt/airflow/dags/etl_dag.py
[2025-07-23T11:59:35.671+0000] {processor.py:830} INFO - Processing file /opt/airflow/dags/etl_dag.py for tasks to queue
[2025-07-23T11:59:35.672+0000] {logging_mixin.py:188} INFO - [2025-07-23T11:59:35.672+0000] {dagbag.py:538} INFO - Filling up the DagBag from /opt/airflow/dags/etl_dag.py
[2025-07-23T11:59:35.689+0000] {processor.py:840} INFO - DAG(s) 'etl_script_dag' retrieved from /opt/airflow/dags/etl_dag.py
[2025-07-23T11:59:35.735+0000] {logging_mixin.py:188} INFO - [2025-07-23T11:59:35.735+0000] {dag.py:3033} INFO - Sync 1 DAGs
[2025-07-23T11:59:35.761+0000] {logging_mixin.py:188} INFO - [2025-07-23T11:59:35.761+0000] {dag.py:3820} INFO - Setting next_dagrun for etl_script_dag to 2025-07-23T00:00:00+00:00, run_after=2025-07-24T00:00:00+00:00
[2025-07-23T11:59:35.786+0000] {processor.py:183} INFO - Processing /opt/airflow/dags/etl_dag.py took 0.120 seconds
[2025-07-23T12:00:35.033+0000] {processor.py:161} INFO - Started process (PID=239) to work on /opt/airflow/dags/etl_dag.py
[2025-07-23T12:00:35.038+0000] {processor.py:830} INFO - Processing file /opt/airflow/dags/etl_dag.py for tasks to queue
[2025-07-23T12:00:35.050+0000] {logging_mixin.py:188} INFO - [2025-07-23T12:00:35.040+0000] {dagbag.py:538} INFO - Filling up the DagBag from /opt/airflow/dags/etl_dag.py
[2025-07-23T12:00:35.132+0000] {processor.py:840} INFO - DAG(s) 'etl_script_dag' retrieved from /opt/airflow/dags/etl_dag.py
[2025-07-23T12:00:35.330+0000] {logging_mixin.py:188} INFO - [2025-07-23T12:00:35.329+0000] {dag.py:3033} INFO - Sync 1 DAGs
[2025-07-23T12:00:35.513+0000] {logging_mixin.py:188} INFO - [2025-07-23T12:00:35.513+0000] {dag.py:3820} INFO - Setting next_dagrun for etl_script_dag to 2025-07-23T00:00:00+00:00, run_after=2025-07-24T00:00:00+00:00
[2025-07-23T12:00:35.573+0000] {processor.py:183} INFO - Processing /opt/airflow/dags/etl_dag.py took 0.554 seconds
[2025-07-23T12:01:06.336+0000] {processor.py:161} INFO - Started process (PID=245) to work on /opt/airflow/dags/etl_dag.py
[2025-07-23T12:01:06.338+0000] {processor.py:830} INFO - Processing file /opt/airflow/dags/etl_dag.py for tasks to queue
[2025-07-23T12:01:06.339+0000] {logging_mixin.py:188} INFO - [2025-07-23T12:01:06.339+0000] {dagbag.py:538} INFO - Filling up the DagBag from /opt/airflow/dags/etl_dag.py
[2025-07-23T12:01:06.378+0000] {processor.py:840} INFO - DAG(s) 'etl_script_dag' retrieved from /opt/airflow/dags/etl_dag.py
[2025-07-23T12:01:06.442+0000] {logging_mixin.py:188} INFO - [2025-07-23T12:01:06.442+0000] {dag.py:3033} INFO - Sync 1 DAGs
[2025-07-23T12:01:06.470+0000] {logging_mixin.py:188} INFO - [2025-07-23T12:01:06.470+0000] {dag.py:3820} INFO - Setting next_dagrun for etl_script_dag to 2025-07-23T00:00:00+00:00, run_after=2025-07-24T00:00:00+00:00
[2025-07-23T12:01:06.499+0000] {processor.py:183} INFO - Processing /opt/airflow/dags/etl_dag.py took 0.168 seconds
[2025-07-23T12:01:36.709+0000] {processor.py:161} INFO - Started process (PID=250) to work on /opt/airflow/dags/etl_dag.py
[2025-07-23T12:01:36.710+0000] {processor.py:830} INFO - Processing file /opt/airflow/dags/etl_dag.py for tasks to queue
[2025-07-23T12:01:36.711+0000] {logging_mixin.py:188} INFO - [2025-07-23T12:01:36.710+0000] {dagbag.py:538} INFO - Filling up the DagBag from /opt/airflow/dags/etl_dag.py
[2025-07-23T12:01:36.761+0000] {processor.py:840} INFO - DAG(s) 'etl_script_dag' retrieved from /opt/airflow/dags/etl_dag.py
[2025-07-23T12:01:36.852+0000] {logging_mixin.py:188} INFO - [2025-07-23T12:01:36.852+0000] {dag.py:3033} INFO - Sync 1 DAGs
[2025-07-23T12:01:36.885+0000] {logging_mixin.py:188} INFO - [2025-07-23T12:01:36.885+0000] {dag.py:3820} INFO - Setting next_dagrun for etl_script_dag to 2025-07-23T00:00:00+00:00, run_after=2025-07-24T00:00:00+00:00
[2025-07-23T12:01:36.916+0000] {processor.py:183} INFO - Processing /opt/airflow/dags/etl_dag.py took 0.218 seconds
[2025-07-23T12:02:07.219+0000] {processor.py:161} INFO - Started process (PID=255) to work on /opt/airflow/dags/etl_dag.py
[2025-07-23T12:02:07.240+0000] {processor.py:830} INFO - Processing file /opt/airflow/dags/etl_dag.py for tasks to queue
[2025-07-23T12:02:07.241+0000] {logging_mixin.py:188} INFO - [2025-07-23T12:02:07.241+0000] {dagbag.py:538} INFO - Filling up the DagBag from /opt/airflow/dags/etl_dag.py
[2025-07-23T12:02:07.282+0000] {processor.py:840} INFO - DAG(s) 'etl_script_dag' retrieved from /opt/airflow/dags/etl_dag.py
[2025-07-23T12:02:07.377+0000] {logging_mixin.py:188} INFO - [2025-07-23T12:02:07.376+0000] {dag.py:3033} INFO - Sync 1 DAGs
[2025-07-23T12:02:07.427+0000] {logging_mixin.py:188} INFO - [2025-07-23T12:02:07.427+0000] {dag.py:3820} INFO - Setting next_dagrun for etl_script_dag to 2025-07-23T00:00:00+00:00, run_after=2025-07-24T00:00:00+00:00
[2025-07-23T12:02:07.551+0000] {processor.py:183} INFO - Processing /opt/airflow/dags/etl_dag.py took 0.401 seconds
[2025-07-23T12:02:38.678+0000] {processor.py:161} INFO - Started process (PID=260) to work on /opt/airflow/dags/etl_dag.py
[2025-07-23T12:02:38.681+0000] {processor.py:830} INFO - Processing file /opt/airflow/dags/etl_dag.py for tasks to queue
[2025-07-23T12:02:38.683+0000] {logging_mixin.py:188} INFO - [2025-07-23T12:02:38.681+0000] {dagbag.py:538} INFO - Filling up the DagBag from /opt/airflow/dags/etl_dag.py
[2025-07-23T12:02:38.705+0000] {processor.py:840} INFO - DAG(s) 'etl_script_dag' retrieved from /opt/airflow/dags/etl_dag.py
[2025-07-23T12:02:38.811+0000] {logging_mixin.py:188} INFO - [2025-07-23T12:02:38.810+0000] {dag.py:3033} INFO - Sync 1 DAGs
[2025-07-23T12:02:38.881+0000] {logging_mixin.py:188} INFO - [2025-07-23T12:02:38.880+0000] {dag.py:3820} INFO - Setting next_dagrun for etl_script_dag to 2025-07-23T00:00:00+00:00, run_after=2025-07-24T00:00:00+00:00
[2025-07-23T12:02:38.957+0000] {processor.py:183} INFO - Processing /opt/airflow/dags/etl_dag.py took 0.304 seconds
[2025-07-23T12:03:28.256+0000] {processor.py:161} INFO - Started process (PID=265) to work on /opt/airflow/dags/etl_dag.py
[2025-07-23T12:03:28.258+0000] {processor.py:830} INFO - Processing file /opt/airflow/dags/etl_dag.py for tasks to queue
[2025-07-23T12:03:28.259+0000] {logging_mixin.py:188} INFO - [2025-07-23T12:03:28.259+0000] {dagbag.py:538} INFO - Filling up the DagBag from /opt/airflow/dags/etl_dag.py
[2025-07-23T12:03:28.313+0000] {processor.py:840} INFO - DAG(s) 'etl_script_dag' retrieved from /opt/airflow/dags/etl_dag.py
[2025-07-23T12:03:28.409+0000] {logging_mixin.py:188} INFO - [2025-07-23T12:03:28.409+0000] {dag.py:3033} INFO - Sync 1 DAGs
[2025-07-23T12:03:28.468+0000] {logging_mixin.py:188} INFO - [2025-07-23T12:03:28.468+0000] {dag.py:3820} INFO - Setting next_dagrun for etl_script_dag to 2025-07-23T00:00:00+00:00, run_after=2025-07-24T00:00:00+00:00
[2025-07-23T12:03:28.586+0000] {processor.py:183} INFO - Processing /opt/airflow/dags/etl_dag.py took 0.357 seconds
[2025-07-23T12:03:58.752+0000] {processor.py:161} INFO - Started process (PID=270) to work on /opt/airflow/dags/etl_dag.py
[2025-07-23T12:03:58.759+0000] {processor.py:830} INFO - Processing file /opt/airflow/dags/etl_dag.py for tasks to queue
[2025-07-23T12:03:58.760+0000] {logging_mixin.py:188} INFO - [2025-07-23T12:03:58.760+0000] {dagbag.py:538} INFO - Filling up the DagBag from /opt/airflow/dags/etl_dag.py
[2025-07-23T12:03:58.852+0000] {processor.py:840} INFO - DAG(s) 'etl_script_dag' retrieved from /opt/airflow/dags/etl_dag.py
[2025-07-23T12:03:59.037+0000] {logging_mixin.py:188} INFO - [2025-07-23T12:03:59.037+0000] {dag.py:3033} INFO - Sync 1 DAGs
[2025-07-23T12:03:59.074+0000] {logging_mixin.py:188} INFO - [2025-07-23T12:03:59.073+0000] {dag.py:3820} INFO - Setting next_dagrun for etl_script_dag to 2025-07-23T00:00:00+00:00, run_after=2025-07-24T00:00:00+00:00
[2025-07-23T12:03:59.110+0000] {processor.py:183} INFO - Processing /opt/airflow/dags/etl_dag.py took 0.375 seconds
[2025-07-23T12:04:29.467+0000] {processor.py:161} INFO - Started process (PID=275) to work on /opt/airflow/dags/etl_dag.py
[2025-07-23T12:04:29.480+0000] {processor.py:830} INFO - Processing file /opt/airflow/dags/etl_dag.py for tasks to queue
[2025-07-23T12:04:29.481+0000] {logging_mixin.py:188} INFO - [2025-07-23T12:04:29.481+0000] {dagbag.py:538} INFO - Filling up the DagBag from /opt/airflow/dags/etl_dag.py
[2025-07-23T12:04:29.506+0000] {processor.py:840} INFO - DAG(s) 'etl_script_dag' retrieved from /opt/airflow/dags/etl_dag.py
[2025-07-23T12:04:29.561+0000] {logging_mixin.py:188} INFO - [2025-07-23T12:04:29.560+0000] {dag.py:3033} INFO - Sync 1 DAGs
[2025-07-23T12:04:29.630+0000] {logging_mixin.py:188} INFO - [2025-07-23T12:04:29.630+0000] {dag.py:3820} INFO - Setting next_dagrun for etl_script_dag to 2025-07-23T00:00:00+00:00, run_after=2025-07-24T00:00:00+00:00
[2025-07-23T12:04:29.691+0000] {processor.py:183} INFO - Processing /opt/airflow/dags/etl_dag.py took 0.230 seconds
[2025-07-23T12:04:59.976+0000] {processor.py:161} INFO - Started process (PID=280) to work on /opt/airflow/dags/etl_dag.py
[2025-07-23T12:04:59.990+0000] {processor.py:830} INFO - Processing file /opt/airflow/dags/etl_dag.py for tasks to queue
[2025-07-23T12:04:59.991+0000] {logging_mixin.py:188} INFO - [2025-07-23T12:04:59.991+0000] {dagbag.py:538} INFO - Filling up the DagBag from /opt/airflow/dags/etl_dag.py
[2025-07-23T12:05:00.021+0000] {processor.py:840} INFO - DAG(s) 'etl_script_dag' retrieved from /opt/airflow/dags/etl_dag.py
[2025-07-23T12:05:00.112+0000] {logging_mixin.py:188} INFO - [2025-07-23T12:05:00.110+0000] {dag.py:3033} INFO - Sync 1 DAGs
[2025-07-23T12:05:00.164+0000] {logging_mixin.py:188} INFO - [2025-07-23T12:05:00.164+0000] {dag.py:3820} INFO - Setting next_dagrun for etl_script_dag to 2025-07-23T00:00:00+00:00, run_after=2025-07-24T00:00:00+00:00
[2025-07-23T12:05:00.219+0000] {processor.py:183} INFO - Processing /opt/airflow/dags/etl_dag.py took 0.248 seconds
[2025-07-23T12:05:35.455+0000] {processor.py:161} INFO - Started process (PID=285) to work on /opt/airflow/dags/etl_dag.py
[2025-07-23T12:05:35.476+0000] {processor.py:830} INFO - Processing file /opt/airflow/dags/etl_dag.py for tasks to queue
[2025-07-23T12:05:35.477+0000] {logging_mixin.py:188} INFO - [2025-07-23T12:05:35.476+0000] {dagbag.py:538} INFO - Filling up the DagBag from /opt/airflow/dags/etl_dag.py
[2025-07-23T12:05:35.507+0000] {processor.py:840} INFO - DAG(s) 'etl_script_dag' retrieved from /opt/airflow/dags/etl_dag.py
[2025-07-23T12:05:35.630+0000] {logging_mixin.py:188} INFO - [2025-07-23T12:05:35.629+0000] {dag.py:3033} INFO - Sync 1 DAGs
[2025-07-23T12:05:35.733+0000] {logging_mixin.py:188} INFO - [2025-07-23T12:05:35.733+0000] {dag.py:3820} INFO - Setting next_dagrun for etl_script_dag to 2025-07-23T00:00:00+00:00, run_after=2025-07-24T00:00:00+00:00
[2025-07-23T12:05:35.809+0000] {processor.py:183} INFO - Processing /opt/airflow/dags/etl_dag.py took 0.358 seconds
